18-Apr-24 14:03:39 - Starting cleanup process...
18-Apr-24 14:03:39 - Recordings: []
18-Apr-24 14:03:39 - Waiting for 30 seconds...
18-Apr-24 14:08:39 - No q received, continuing...
18-Apr-24 14:08:39 - Cleanup process finished.
18-Apr-24 14:08:39 - Recordings: []
18-Apr-24 14:08:39 - Waiting for 30 seconds...
18-Apr-24 14:13:39 - No q received, continuing...
18-Apr-24 14:13:39 - Cleanup process finished.
18-Apr-24 14:13:39 - Recordings: []
18-Apr-24 14:13:39 - Waiting for 30 seconds...
18-Apr-24 14:18:40 - No q received, continuing...
18-Apr-24 14:18:40 - Cleanup process finished.
18-Apr-24 14:18:40 - Recordings: []
18-Apr-24 14:18:40 - Waiting for 30 seconds...
18-Apr-24 14:23:40 - No q received, continuing...
18-Apr-24 14:23:40 - Cleanup process finished.
18-Apr-24 14:23:40 - Recordings: []
18-Apr-24 14:23:40 - Waiting for 30 seconds...
18-Apr-24 14:28:40 - No q received, continuing...
18-Apr-24 14:28:40 - Cleanup process finished.
18-Apr-24 14:28:40 - Recordings: []
18-Apr-24 14:28:40 - Waiting for 30 seconds...
18-Apr-24 14:33:40 - No q received, continuing...
18-Apr-24 14:33:40 - Cleanup process finished.
18-Apr-24 14:33:40 - Recordings: []
18-Apr-24 14:33:40 - Waiting for 30 seconds...
18-Apr-24 14:38:40 - No q received, continuing...
18-Apr-24 14:38:40 - Cleanup process finished.
18-Apr-24 14:38:40 - Recordings: []
18-Apr-24 14:38:40 - Waiting for 30 seconds...
18-Apr-24 14:43:40 - No q received, continuing...
18-Apr-24 14:43:40 - Cleanup process finished.
18-Apr-24 14:43:40 - Recordings: []
18-Apr-24 14:43:40 - Waiting for 30 seconds...
18-Apr-24 14:48:40 - No q received, continuing...
18-Apr-24 14:48:40 - Cleanup process finished.
18-Apr-24 14:48:40 - Recordings: []
18-Apr-24 14:48:40 - Waiting for 30 seconds...
18-Apr-24 14:53:40 - No q received, continuing...
18-Apr-24 14:53:40 - Cleanup process finished.
18-Apr-24 14:53:40 - Recordings: []
18-Apr-24 14:53:40 - Waiting for 30 seconds...
18-Apr-24 14:58:40 - No q received, continuing...
18-Apr-24 14:58:40 - Cleanup process finished.
18-Apr-24 14:58:40 - Recordings: []
18-Apr-24 14:58:40 - Waiting for 30 seconds...
18-Apr-24 15:03:40 - No q received, continuing...
18-Apr-24 15:03:40 - Cleanup process finished.
18-Apr-24 15:03:40 - Recordings: []
18-Apr-24 15:03:40 - Waiting for 30 seconds...
18-Apr-24 15:08:40 - No q received, continuing...
18-Apr-24 15:08:40 - Cleanup process finished.
18-Apr-24 15:08:40 - Recordings: []
18-Apr-24 15:08:40 - Waiting for 30 seconds...
18-Apr-24 15:13:40 - No q received, continuing...
18-Apr-24 15:13:40 - Cleanup process finished.
18-Apr-24 15:13:40 - Recordings: []
18-Apr-24 15:13:40 - Waiting for 30 seconds...
18-Apr-24 15:18:41 - No q received, continuing...
18-Apr-24 15:18:41 - Cleanup process finished.
18-Apr-24 15:18:41 - Recordings: []
18-Apr-24 15:18:41 - Waiting for 30 seconds...
18-Apr-24 15:23:41 - No q received, continuing...
18-Apr-24 15:23:41 - Cleanup process finished.
18-Apr-24 15:23:41 - Recordings: []
18-Apr-24 15:23:41 - Waiting for 30 seconds...
18-Apr-24 15:28:41 - No q received, continuing...
18-Apr-24 15:28:41 - Cleanup process finished.
18-Apr-24 15:28:41 - Recordings: []
18-Apr-24 15:28:41 - Waiting for 30 seconds...
18-Apr-24 15:33:41 - No q received, continuing...
18-Apr-24 15:33:41 - Cleanup process finished.
18-Apr-24 15:33:41 - Recordings: []
18-Apr-24 15:33:41 - Waiting for 30 seconds...
18-Apr-24 15:38:41 - No q received, continuing...
18-Apr-24 15:38:41 - Cleanup process finished.
18-Apr-24 15:38:41 - Recordings: []
18-Apr-24 15:38:41 - Waiting for 30 seconds...
18-Apr-24 15:43:41 - No q received, continuing...
18-Apr-24 15:43:41 - Cleanup process finished.
18-Apr-24 15:43:41 - Recordings: []
18-Apr-24 15:43:41 - Waiting for 30 seconds...
