18-Apr-24 11:45:59 - Starting cleanup process...
18-Apr-24 11:45:59 - Recordings: []
18-Apr-24 11:45:59 - Waiting for 30 seconds...
18-Apr-24 11:46:29 - No q received, continuing...
18-Apr-24 11:46:29 - Cleanup process finished.
18-Apr-24 11:46:29 - Recordings: []
18-Apr-24 11:46:29 - Waiting for 30 seconds...
18-Apr-24 11:46:59 - No q received, continuing...
18-Apr-24 11:46:59 - Cleanup process finished.
18-Apr-24 11:46:59 - Recordings: []
18-Apr-24 11:46:59 - Waiting for 30 seconds...
18-Apr-24 11:47:29 - No q received, continuing...
18-Apr-24 11:47:29 - Cleanup process finished.
18-Apr-24 11:47:29 - Recordings: []
18-Apr-24 11:47:29 - Waiting for 30 seconds...
18-Apr-24 11:47:59 - No q received, continuing...
18-Apr-24 11:47:59 - Cleanup process finished.
18-Apr-24 11:47:59 - Recordings: []
18-Apr-24 11:47:59 - Waiting for 30 seconds...
18-Apr-24 11:48:29 - No q received, continuing...
18-Apr-24 11:48:29 - Cleanup process finished.
18-Apr-24 11:48:29 - Recordings: []
18-Apr-24 11:48:29 - Waiting for 30 seconds...
18-Apr-24 11:48:59 - No q received, continuing...
18-Apr-24 11:48:59 - Cleanup process finished.
18-Apr-24 11:48:59 - Recordings: []
18-Apr-24 11:48:59 - Waiting for 30 seconds...
18-Apr-24 11:49:29 - No q received, continuing...
18-Apr-24 11:49:29 - Cleanup process finished.
18-Apr-24 11:49:29 - Recordings: []
18-Apr-24 11:49:29 - Waiting for 30 seconds...
18-Apr-24 11:49:59 - No q received, continuing...
18-Apr-24 11:49:59 - Cleanup process finished.
18-Apr-24 11:49:59 - Recordings: []
18-Apr-24 11:49:59 - Waiting for 30 seconds...
18-Apr-24 11:50:29 - No q received, continuing...
18-Apr-24 11:50:29 - Cleanup process finished.
18-Apr-24 11:50:29 - Recordings: []
18-Apr-24 11:50:29 - Waiting for 30 seconds...
18-Apr-24 11:50:59 - No q received, continuing...
18-Apr-24 11:50:59 - Cleanup process finished.
18-Apr-24 11:50:59 - Recordings: []
18-Apr-24 11:50:59 - Waiting for 30 seconds...
18-Apr-24 11:51:29 - No q received, continuing...
18-Apr-24 11:51:29 - Cleanup process finished.
18-Apr-24 11:51:29 - Recordings: []
18-Apr-24 11:51:29 - Waiting for 30 seconds...
18-Apr-24 11:51:59 - No q received, continuing...
18-Apr-24 11:51:59 - Cleanup process finished.
18-Apr-24 11:51:59 - Recordings: []
18-Apr-24 11:51:59 - Waiting for 30 seconds...
18-Apr-24 11:52:29 - No q received, continuing...
18-Apr-24 11:52:29 - Cleanup process finished.
18-Apr-24 11:52:29 - Recordings: []
18-Apr-24 11:52:29 - Waiting for 30 seconds...
18-Apr-24 11:53:00 - No q received, continuing...
18-Apr-24 11:53:00 - Cleanup process finished.
18-Apr-24 11:53:00 - Recordings: []
18-Apr-24 11:53:00 - Waiting for 30 seconds...
18-Apr-24 11:53:30 - No q received, continuing...
18-Apr-24 11:53:30 - Cleanup process finished.
18-Apr-24 11:53:30 - Recordings: []
18-Apr-24 11:53:30 - Waiting for 30 seconds...
18-Apr-24 11:54:00 - No q received, continuing...
18-Apr-24 11:54:00 - Cleanup process finished.
18-Apr-24 11:54:00 - Recordings: []
18-Apr-24 11:54:00 - Waiting for 30 seconds...
18-Apr-24 11:54:30 - No q received, continuing...
18-Apr-24 11:54:30 - Cleanup process finished.
18-Apr-24 11:54:30 - Recordings: []
18-Apr-24 11:54:30 - Waiting for 30 seconds...
18-Apr-24 11:55:00 - No q received, continuing...
18-Apr-24 11:55:00 - Cleanup process finished.
18-Apr-24 11:55:00 - Recordings: []
18-Apr-24 11:55:00 - Waiting for 30 seconds...
18-Apr-24 11:55:30 - No q received, continuing...
18-Apr-24 11:55:30 - Cleanup process finished.
18-Apr-24 11:55:30 - Recordings: []
18-Apr-24 11:55:30 - Waiting for 30 seconds...
18-Apr-24 11:56:00 - No q received, continuing...
18-Apr-24 11:56:00 - Cleanup process finished.
18-Apr-24 11:56:00 - Recordings: []
18-Apr-24 11:56:00 - Waiting for 30 seconds...
18-Apr-24 11:56:30 - No q received, continuing...
18-Apr-24 11:56:30 - Cleanup process finished.
18-Apr-24 11:56:30 - Recordings: []
18-Apr-24 11:56:30 - Waiting for 30 seconds...
18-Apr-24 11:57:00 - No q received, continuing...
18-Apr-24 11:57:00 - Cleanup process finished.
18-Apr-24 11:57:00 - Recordings: []
18-Apr-24 11:57:00 - Waiting for 30 seconds...
18-Apr-24 11:57:30 - No q received, continuing...
18-Apr-24 11:57:30 - Cleanup process finished.
18-Apr-24 11:57:30 - Recordings: []
18-Apr-24 11:57:30 - Waiting for 30 seconds...
18-Apr-24 11:58:00 - No q received, continuing...
18-Apr-24 11:58:00 - Cleanup process finished.
18-Apr-24 11:58:00 - Recordings: []
18-Apr-24 11:58:00 - Waiting for 30 seconds...
18-Apr-24 11:58:30 - No q received, continuing...
18-Apr-24 11:58:30 - Cleanup process finished.
18-Apr-24 11:58:30 - Recordings: []
18-Apr-24 11:58:30 - Waiting for 30 seconds...
18-Apr-24 11:59:00 - No q received, continuing...
18-Apr-24 11:59:00 - Cleanup process finished.
18-Apr-24 11:59:00 - Recordings: []
18-Apr-24 11:59:00 - Waiting for 30 seconds...
18-Apr-24 11:59:30 - No q received, continuing...
18-Apr-24 11:59:30 - Cleanup process finished.
18-Apr-24 11:59:30 - Recordings: []
18-Apr-24 11:59:30 - Waiting for 30 seconds...
18-Apr-24 12:00:00 - No q received, continuing...
18-Apr-24 12:00:00 - Cleanup process finished.
18-Apr-24 12:00:00 - Recordings: []
18-Apr-24 12:00:00 - Waiting for 30 seconds...
18-Apr-24 12:00:30 - No q received, continuing...
18-Apr-24 12:00:30 - Cleanup process finished.
18-Apr-24 12:00:30 - Recordings: []
18-Apr-24 12:00:30 - Waiting for 30 seconds...
18-Apr-24 12:01:00 - No q received, continuing...
18-Apr-24 12:01:00 - Cleanup process finished.
18-Apr-24 12:01:00 - Recordings: []
18-Apr-24 12:01:00 - Waiting for 30 seconds...
18-Apr-24 12:01:30 - No q received, continuing...
18-Apr-24 12:01:30 - Cleanup process finished.
18-Apr-24 12:01:30 - Recordings: []
18-Apr-24 12:01:30 - Waiting for 30 seconds...
